
=== Sat Nov 23 16:32:58 2024

Packages were changed.
Update Mode: updateDependencies

The following packages were added:
  com.unity.modules.accessibility@1.0.0

=== Tue Nov 26 19:50:17 2024

Packages were changed.
Update Mode: updateDependencies

The following packages were updated:
  com.unity.ai.navigation from version 1.1.5 to 2.0.0
  com.unity.animation.rigging from version 1.2.1 to 1.3.0
  com.unity.ext.nunit from version 1.0.6 to 2.0.5
  com.unity.test-framework from version 1.1.33 to 1.3.9
  com.unity.ugui from version 1.0.0 to 2.0.0
The following packages were removed:
  com.unity.textmeshpro@3.0.9

=== Tue Nov 26 19:50:17 2024

Packages were changed.
Update Mode: mergeDefaultDependencies

The following packages were added:
  com.unity.2d.sprite@1.0.0
  com.unity.ai.navigation@2.0.0
  com.unity.burst@1.8.16
  com.unity.cloud.gltfast@6.0.1
  com.unity.device-simulator.devices@1.0.0
  com.unity.editorcoroutines@1.0.0
  com.unity.ext.nunit@2.0.5
  com.unity.ide.rider@3.0.31
  com.unity.ide.visualstudio@2.0.22
  com.unity.inputsystem@1.7.0
  com.unity.learn.iet-framework@3.1.3
  com.unity.mathematics@1.3.1
  com.unity.nuget.newtonsoft-json@3.2.1
  com.unity.settings-manager@2.0.1
  com.unity.test-framework@1.3.9
  com.unity.modules.subsystems@1.0.0

=== Tue Nov 26 20:03:00 2024

Packages were changed.
Update Mode: updateDependencies

The following packages were updated:
  com.unity.ai.navigation from version 1.1.5 to 2.0.0
  com.unity.animation.rigging from version 1.2.1 to 1.3.0
  com.unity.ext.nunit from version 1.0.6 to 2.0.5
  com.unity.test-framework from version 1.1.33 to 1.3.9
  com.unity.ugui from version 1.0.0 to 2.0.0
The following packages were removed:
  com.unity.textmeshpro@3.0.9
